<?xml version="1.0" encoding="windows-1252" standalone="no"?>
<!DOCTYPE log SYSTEM "logger.dtd">
<log>
</log>
<?xml version="1.0" encoding="windows-1252" standalone="no"?>
<!DOCTYPE log SYSTEM "logger.dtd">
<log>
</log>
<?xml version="1.0" encoding="windows-1252" standalone="no"?>
<!DOCTYPE log SYSTEM "logger.dtd">
<log>
</log>
<?xml version="1.0" encoding="windows-1252" standalone="no"?>
<!DOCTYPE log SYSTEM "logger.dtd">
<log>
</log>
<?xml version="1.0" encoding="windows-1252" standalone="no"?>
<!DOCTYPE log SYSTEM "logger.dtd">
<log>
<record>
  <date>2020-08-07T15:20:07.346311700Z</date>
  <millis>1596813607346</millis>
  <nanos>311700</nanos>
  <sequence>35</sequence>
  <logger>attacks.log</logger>
  <level>WARNING</level>
  <class>org.unibl.etf.attacks.XSSAttack</class>
  <method>lambda$0</method>
  <thread>33</thread>
  <message>XSS attack in session: &lt;script&gt; alert('poruka')&lt;/script&gt;from address: 0:0:0:0:0:0:0:1</message>
</record>
</log>
<?xml version="1.0" encoding="windows-1252" standalone="no"?>
<!DOCTYPE log SYSTEM "logger.dtd">
<log>
<record>
  <date>2020-08-07T15:21:40.894100800Z</date>
  <millis>1596813700894</millis>
  <nanos>100800</nanos>
  <sequence>35</sequence>
  <logger>attacks.log</logger>
  <level>WARNING</level>
  <class>org.unibl.etf.attacks.XSSAttack</class>
  <method>lambda$0</method>
  <thread>32</thread>
  <message>XSS attack in session: &lt;script&gt; alert('poruka')&lt;/script&gt;from address: 0:0:0:0:0:0:0:1</message>
</record>
</log>
<?xml version="1.0" encoding="windows-1252" standalone="no"?>
<!DOCTYPE log SYSTEM "logger.dtd">
<log>
<record>
  <date>2020-08-07T15:24:54.821609100Z</date>
  <millis>1596813894821</millis>
  <nanos>609100</nanos>
  <sequence>35</sequence>
  <logger>attacks.log</logger>
  <level>WARNING</level>
  <class>org.unibl.etf.attacks.XSSAttack</class>
  <method>lambda$0</method>
  <thread>36</thread>
  <message>XSS attack in session: &lt;script&gt; alert('poruka')&lt;/script&gt;from address: 0:0:0:0:0:0:0:1</message>
</record>
<record>
  <date>2020-08-07T15:25:00.854850500Z</date>
  <millis>1596813900854</millis>
  <nanos>850500</nanos>
  <sequence>36</sequence>
  <logger>attacks.log</logger>
  <level>WARNING</level>
  <class>org.unibl.etf.attacks.XSSAttack</class>
  <method>lambda$0</method>
  <thread>37</thread>
  <message>XSS attack in session: &lt;script&gt; alert('poruka')&lt;/script&gt;from address: 0:0:0:0:0:0:0:1</message>
</record>
<record>
  <date>2020-08-07T15:25:06.331391200Z</date>
  <millis>1596813906331</millis>
  <nanos>391200</nanos>
  <sequence>37</sequence>
  <logger>attacks.log</logger>
  <level>WARNING</level>
  <class>org.unibl.etf.attacks.XSSAttack</class>
  <method>lambda$0</method>
  <thread>31</thread>
  <message>XSS attack in session: &lt;script&gt; alert('poruka')&lt;/script&gt;from address: 0:0:0:0:0:0:0:1</message>
</record>
<?xml version="1.0" encoding="windows-1252" standalone="no"?>
<!DOCTYPE log SYSTEM "logger.dtd">
<log>
</log>
<?xml version="1.0" encoding="windows-1252" standalone="no"?>
<!DOCTYPE log SYSTEM "logger.dtd">
<log>
<record>
  <date>2020-08-07T15:28:00.884444900Z</date>
  <millis>1596814080884</millis>
  <nanos>444900</nanos>
  <sequence>35</sequence>
  <logger>attacks.log</logger>
  <level>WARNING</level>
  <class>org.unibl.etf.attacks.XSSAttack</class>
  <method>checkParameterNames</method>
  <thread>38</thread>
  <message>XSSAttack in parameter 'j_username' from address 0:0:0:0:0:0:0:1</message>
</record>
<record>
  <date>2020-08-07T15:28:00.950341300Z</date>
  <millis>1596814080950</millis>
  <nanos>341300</nanos>
  <sequence>36</sequence>
  <logger>attacks.log</logger>
  <level>WARNING</level>
  <class>org.unibl.etf.attacks.XSSAttack</class>
  <method>lambda$0</method>
  <thread>38</thread>
  <message>XSS attack in session: &lt;script&gt; alert('poruka')&lt;/script&gt;from address: 0:0:0:0:0:0:0:1</message>
</record>
<record>
  <date>2020-08-07T15:28:31.219132300Z</date>
  <millis>1596814111219</millis>
  <nanos>132300</nanos>
  <sequence>37</sequence>
  <logger>attacks.log</logger>
  <level>WARNING</level>
  <class>org.unibl.etf.attacks.XSSAttack</class>
  <method>lambda$0</method>
  <thread>38</thread>
  <message>XSS attack in session: &lt;script&gt; alert('poruka')&lt;/script&gt;from address: 0:0:0:0:0:0:0:1</message>
</record>
<record>
  <date>2020-08-07T15:28:41.966582900Z</date>
  <millis>1596814121966</millis>
  <nanos>582900</nanos>
  <sequence>38</sequence>
  <logger>attacks.log</logger>
  <level>WARNING</level>
  <class>org.unibl.etf.attacks.XSSAttack</class>
  <method>lambda$0</method>
  <thread>39</thread>
  <message>XSS attack in session: &lt;script&gt; alert('poruka')&lt;/script&gt;from address: 0:0:0:0:0:0:0:1</message>
</record>
</log>
<?xml version="1.0" encoding="windows-1252" standalone="no"?>
<!DOCTYPE log SYSTEM "logger.dtd">
<log>
<record>
  <date>2020-08-07T15:29:53.358897700Z</date>
  <millis>1596814193358</millis>
  <nanos>897700</nanos>
  <sequence>35</sequence>
  <logger>attacks.log</logger>
  <level>WARNING</level>
  <class>org.unibl.etf.attacks.XSSAttack</class>
  <method>lambda$0</method>
  <thread>32</thread>
  <message>XSS attack in session: &lt;script&gt; alert('poruka')&lt;/script&gt;from address: 0:0:0:0:0:0:0:1</message>
</record>
</log>
<?xml version="1.0" encoding="windows-1252" standalone="no"?>
<!DOCTYPE log SYSTEM "logger.dtd">
<log>
<record>
  <date>2020-08-07T15:31:05.914734100Z</date>
  <millis>1596814265914</millis>
  <nanos>734100</nanos>
  <sequence>35</sequence>
  <logger>attacks.log</logger>
  <level>WARNING</level>
  <class>org.unibl.etf.attacks.XSSAttack</class>
  <method>lambda$0</method>
  <thread>36</thread>
  <message>XSS attack in session: &lt;script&gt; alert('poruka')&lt;/script&gt;from address: 0:0:0:0:0:0:0:1</message>
</record>
<?xml version="1.0" encoding="windows-1252" standalone="no"?>
<!DOCTYPE log SYSTEM "logger.dtd">
<log>
<record>
  <date>2020-08-07T15:33:04.670329300Z</date>
  <millis>1596814384670</millis>
  <nanos>329300</nanos>
  <sequence>35</sequence>
  <logger>attacks.log</logger>
  <level>WARNING</level>
  <class>org.unibl.etf.attacks.XSSAttack</class>
  <method>checkParameterNames</method>
  <thread>37</thread>
  <message>XSSAttack in parameter 'name' from address 0:0:0:0:0:0:0:1</message>
</record>
<?xml version="1.0" encoding="windows-1252" standalone="no"?>
<!DOCTYPE log SYSTEM "logger.dtd">
<log>
<record>
  <date>2020-08-07T17:24:24.960465500Z</date>
  <millis>1596821064960</millis>
  <nanos>465500</nanos>
  <sequence>35</sequence>
  <logger>attacks.log</logger>
  <level>WARNING</level>
  <class>org.unibl.etf.attacks.DoSAttacks$1</class>
  <method>lambda$1</method>
  <thread>55</thread>
  <message>Http slow attack from: 0:0:0:0:0:0:0:1</message>
</record>
</log>
<?xml version="1.0" encoding="windows-1252" standalone="no"?>
<!DOCTYPE log SYSTEM "logger.dtd">
<log>
</log>
<?xml version="1.0" encoding="windows-1252" standalone="no"?>
<!DOCTYPE log SYSTEM "logger.dtd">
<log>
<record>
  <date>2020-08-07T17:47:49.011300500Z</date>
  <millis>1596822469011</millis>
  <nanos>300500</nanos>
  <sequence>35</sequence>
  <logger>attacks.log</logger>
  <level>WARNING</level>
  <class>org.unibl.etf.attacks.XSSAttack</class>
  <method>checkParameterNames</method>
  <thread>37</thread>
  <message>XSS attack in parameter '&lt;parameterName&gt;' from address 0:0:0:0:0:0:0:1</message>
</record>
<record>
  <date>2020-08-07T17:52:19.286904100Z</date>
  <millis>1596822739286</millis>
  <nanos>904100</nanos>
  <sequence>36</sequence>
  <logger>attacks.log</logger>
  <level>WARNING</level>
  <class>org.unibl.etf.attacks.XSSAttack</class>
  <method>checkParameterNames</method>
  <thread>37</thread>
  <message>XSS attack in parameter '&lt;parameterName&gt;' from address 0:0:0:0:0:0:0:1</message>
</record>
</log>
<?xml version="1.0" encoding="windows-1252" standalone="no"?>
<!DOCTYPE log SYSTEM "logger.dtd">
<log>
<record>
  <date>2020-08-07T17:54:39.238847700Z</date>
  <millis>1596822879238</millis>
  <nanos>847700</nanos>
  <sequence>35</sequence>
  <logger>attacks.log</logger>
  <level>WARNING</level>
  <class>org.unibl.etf.attacks.XSSAttack</class>
  <method>checkParameterNames</method>
  <thread>35</thread>
  <message>XSS attack in parameter 'name' from address 0:0:0:0:0:0:0:1</message>
</record>
</log>
<?xml version="1.0" encoding="windows-1252" standalone="no"?>
<!DOCTYPE log SYSTEM "logger.dtd">
<log>
</log>
<?xml version="1.0" encoding="windows-1252" standalone="no"?>
<!DOCTYPE log SYSTEM "logger.dtd">
<log>
</log>
<?xml version="1.0" encoding="windows-1252" standalone="no"?>
<!DOCTYPE log SYSTEM "logger.dtd">
<log>
</log>
<?xml version="1.0" encoding="windows-1252" standalone="no"?>
<!DOCTYPE log SYSTEM "logger.dtd">
<log>
</log>
<?xml version="1.0" encoding="windows-1252" standalone="no"?>
<!DOCTYPE log SYSTEM "logger.dtd">
<log>
</log>
<?xml version="1.0" encoding="windows-1252" standalone="no"?>
<!DOCTYPE log SYSTEM "logger.dtd">
<log>
</log>
<?xml version="1.0" encoding="windows-1252" standalone="no"?>
<!DOCTYPE log SYSTEM "logger.dtd">
<log>
</log>
<?xml version="1.0" encoding="windows-1252" standalone="no"?>
<!DOCTYPE log SYSTEM "logger.dtd">
<log>
</log>
<?xml version="1.0" encoding="windows-1252" standalone="no"?>
<!DOCTYPE log SYSTEM "logger.dtd">
<log>
</log>
<?xml version="1.0" encoding="windows-1252" standalone="no"?>
<!DOCTYPE log SYSTEM "logger.dtd">
<log>
</log>
<?xml version="1.0" encoding="windows-1252" standalone="no"?>
<!DOCTYPE log SYSTEM "logger.dtd">
<log>
</log>
<?xml version="1.0" encoding="windows-1252" standalone="no"?>
<!DOCTYPE log SYSTEM "logger.dtd">
<log>
</log>
<?xml version="1.0" encoding="windows-1252" standalone="no"?>
<!DOCTYPE log SYSTEM "logger.dtd">
<log>
</log>
<?xml version="1.0" encoding="windows-1252" standalone="no"?>
<!DOCTYPE log SYSTEM "logger.dtd">
<log>
</log>
<?xml version="1.0" encoding="windows-1252" standalone="no"?>
<!DOCTYPE log SYSTEM "logger.dtd">
<log>
</log>
<?xml version="1.0" encoding="windows-1252" standalone="no"?>
<!DOCTYPE log SYSTEM "logger.dtd">
<log>
</log>
<?xml version="1.0" encoding="windows-1252" standalone="no"?>
<!DOCTYPE log SYSTEM "logger.dtd">
<log>
<record>
  <date>2020-08-08T07:38:46.276788200Z</date>
  <millis>1596872326276</millis>
  <nanos>788200</nanos>
  <sequence>35</sequence>
  <logger>attacks.log</logger>
  <level>WARNING</level>
  <class>org.unibl.etf.attacks.SQLInjectionAttack</class>
  <method>checkParameterNames</method>
  <thread>32</thread>
  <message>SQL injection attack in parameter 'j_username' from address 0:0:0:0:0:0:0:1</message>
</record>
</log>
<?xml version="1.0" encoding="windows-1252" standalone="no"?>
<!DOCTYPE log SYSTEM "logger.dtd">
<log>
<record>
  <date>2020-08-08T07:42:21.494198200Z</date>
  <millis>1596872541494</millis>
  <nanos>198200</nanos>
  <sequence>35</sequence>
  <logger>attacks.log</logger>
  <level>WARNING</level>
  <class>org.unibl.etf.attacks.SQLInjectionAttack</class>
  <method>checkParameterNames</method>
  <thread>31</thread>
  <message>SQL injection attack in parameter 'j_username' from address 0:0:0:0:0:0:0:1</message>
</record>
<?xml version="1.0" encoding="windows-1252" standalone="no"?>
<!DOCTYPE log SYSTEM "logger.dtd">
<log>
<record>
  <date>2020-08-08T07:43:59.826705Z</date>
  <millis>1596872639826</millis>
  <nanos>705000</nanos>
  <sequence>35</sequence>
  <logger>attacks.log</logger>
  <level>WARNING</level>
  <class>org.unibl.etf.attacks.SQLInjectionAttack</class>
  <method>checkParameterNames</method>
  <thread>38</thread>
  <message>SQL injection attack in parameter 'j_username' from address 0:0:0:0:0:0:0:1</message>
</record>
<record>
  <date>2020-08-08T07:44:10.723034900Z</date>
  <millis>1596872650723</millis>
  <nanos>34900</nanos>
  <sequence>36</sequence>
  <logger>attacks.log</logger>
  <level>WARNING</level>
  <class>org.unibl.etf.attacks.SQLInjectionAttack</class>
  <method>checkParameterNames</method>
  <thread>37</thread>
  <message>SQL injection attack in parameter 'j_username' from address 0:0:0:0:0:0:0:1</message>
</record>
<record>
  <date>2020-08-08T07:44:10.726024300Z</date>
  <millis>1596872650726</millis>
  <nanos>24300</nanos>
  <sequence>37</sequence>
  <logger>attacks.log</logger>
  <level>WARNING</level>
  <class>org.unibl.etf.attacks.SQLInjectionAttack</class>
  <method>checkParameterNames</method>
  <thread>37</thread>
  <message>SQL injection attack in parameter 'j_password' from address 0:0:0:0:0:0:0:1</message>
</record>
<?xml version="1.0" encoding="windows-1252" standalone="no"?>
<!DOCTYPE log SYSTEM "logger.dtd">
<log>
<record>
  <date>2020-08-08T07:54:01.191826Z</date>
  <millis>1596873241191</millis>
  <nanos>826000</nanos>
  <sequence>35</sequence>
  <logger>attacks.log</logger>
  <level>WARNING</level>
  <class>org.unibl.etf.attacks.SQLInjectionAttack</class>
  <method>checkParameterNames</method>
  <thread>32</thread>
  <message>SQL injection attack in parameter 'j_username' from address 0:0:0:0:0:0:0:1</message>
</record>
<record>
  <date>2020-08-08T07:54:25.549175200Z</date>
  <millis>1596873265549</millis>
  <nanos>175200</nanos>
  <sequence>36</sequence>
  <logger>attacks.log</logger>
  <level>WARNING</level>
  <class>org.unibl.etf.attacks.SQLInjectionAttack</class>
  <method>checkParameterNames</method>
  <thread>39</thread>
  <message>SQL injection attack in parameter 'j_username' from address 0:0:0:0:0:0:0:1</message>
</record>
<?xml version="1.0" encoding="windows-1252" standalone="no"?>
<!DOCTYPE log SYSTEM "logger.dtd">
<log>
<record>
  <date>2020-08-08T08:10:09.678152Z</date>
  <millis>1596874209678</millis>
  <nanos>152000</nanos>
  <sequence>35</sequence>
  <logger>attacks.log</logger>
  <level>WARNING</level>
  <class>org.unibl.etf.attacks.SQLInjectionAttack</class>
  <method>checkParameterNames</method>
  <thread>34</thread>
  <message>SQL injection attack in parameter 'j_username' from address 0:0:0:0:0:0:0:1</message>
</record>
</log>
<?xml version="1.0" encoding="windows-1252" standalone="no"?>
<!DOCTYPE log SYSTEM "logger.dtd">
<log>
<record>
  <date>2020-08-08T08:34:10.581745600Z</date>
  <millis>1596875650581</millis>
  <nanos>745600</nanos>
  <sequence>35</sequence>
  <logger>attacks.log</logger>
  <level>WARNING</level>
  <class>org.unibl.etf.attacks.SQLInjectionAttack</class>
  <method>lambda$0</method>
  <thread>34</thread>
  <message>XSS attack in session: update user setfrom address: 0:0:0:0:0:0:0:1</message>
</record>
<record>
  <date>2020-08-08T08:34:18.490483600Z</date>
  <millis>1596875658490</millis>
  <nanos>483600</nanos>
  <sequence>36</sequence>
  <logger>attacks.log</logger>
  <level>WARNING</level>
  <class>org.unibl.etf.attacks.SQLInjectionAttack</class>
  <method>lambda$0</method>
  <thread>36</thread>
  <message>XSS attack in session: update user setfrom address: 0:0:0:0:0:0:0:1</message>
</record>
<?xml version="1.0" encoding="windows-1252" standalone="no"?>
<!DOCTYPE log SYSTEM "logger.dtd">
<log>
<record>
  <date>2020-08-08T08:50:32.741398900Z</date>
  <millis>1596876632741</millis>
  <nanos>398900</nanos>
  <sequence>35</sequence>
  <logger>attacks.log</logger>
  <level>WARNING</level>
  <class>org.unibl.etf.attacks.SQLInjectionAttack</class>
  <method>lambda$0</method>
  <thread>34</thread>
  <message>XSS attack in session: select * from userfrom address: 0:0:0:0:0:0:0:1</message>
</record>
<record>
  <date>2020-08-08T08:50:39.558760100Z</date>
  <millis>1596876639558</millis>
  <nanos>760100</nanos>
  <sequence>36</sequence>
  <logger>attacks.log</logger>
  <level>WARNING</level>
  <class>org.unibl.etf.attacks.SQLInjectionAttack</class>
  <method>lambda$0</method>
  <thread>34</thread>
  <message>XSS attack in session: select * from userfrom address: 0:0:0:0:0:0:0:1</message>
</record>
<record>
  <date>2020-08-08T08:50:43.092105200Z</date>
  <millis>1596876643092</millis>
  <nanos>105200</nanos>
  <sequence>37</sequence>
  <logger>attacks.log</logger>
  <level>WARNING</level>
  <class>org.unibl.etf.attacks.SQLInjectionAttack</class>
  <method>lambda$0</method>
  <thread>30</thread>
  <message>XSS attack in session: select * from userfrom address: 0:0:0:0:0:0:0:1</message>
</record>
<?xml version="1.0" encoding="windows-1252" standalone="no"?>
<!DOCTYPE log SYSTEM "logger.dtd">
<log>
<record>
  <date>2020-08-08T08:54:37.812545300Z</date>
  <millis>1596876877812</millis>
  <nanos>545300</nanos>
  <sequence>35</sequence>
  <logger>attacks.log</logger>
  <level>WARNING</level>
  <class>org.unibl.etf.attacks.SQLInjectionAttack</class>
  <method>lambda$0</method>
  <thread>34</thread>
  <message>XSS attack in session: select * from userfrom address: 0:0:0:0:0:0:0:1</message>
</record>
<record>
  <date>2020-08-08T08:54:37.857474400Z</date>
  <millis>1596876877857</millis>
  <nanos>474400</nanos>
  <sequence>36</sequence>
  <logger>attacks.log</logger>
  <level>WARNING</level>
  <class>org.unibl.etf.attacks.SQLInjectionAttack</class>
  <method>checkParameterNames</method>
  <thread>34</thread>
  <message>SQL injection attack in parameter 'j_username' from address 0:0:0:0:0:0:0:1</message>
</record>
<?xml version="1.0" encoding="windows-1252" standalone="no"?>
<!DOCTYPE log SYSTEM "logger.dtd">
<log>
<record>
  <date>2020-08-08T10:05:26.876674800Z</date>
  <millis>1596881126876</millis>
  <nanos>674800</nanos>
  <sequence>35</sequence>
  <logger>attacks.log</logger>
  <level>WARNING</level>
  <class>org.unibl.etf.attacks.SQLInjectionAttack</class>
  <method>lambda$0</method>
  <thread>38</thread>
  <message>SQL injection attack in session: select * from userfrom address: 0:0:0:0:0:0:0:1</message>
</record>
<record>
  <date>2020-08-08T10:05:29.985502900Z</date>
  <millis>1596881129985</millis>
  <nanos>502900</nanos>
  <sequence>36</sequence>
  <logger>attacks.log</logger>
  <level>WARNING</level>
  <class>org.unibl.etf.attacks.SQLInjectionAttack</class>
  <method>lambda$0</method>
  <thread>32</thread>
  <message>SQL injection attack in session: select * from userfrom address: 0:0:0:0:0:0:0:1</message>
</record>
<?xml version="1.0" encoding="windows-1252" standalone="no"?>
<!DOCTYPE log SYSTEM "logger.dtd">
<log>
</log>
<?xml version="1.0" encoding="windows-1252" standalone="no"?>
<!DOCTYPE log SYSTEM "logger.dtd">
<log>
<record>
  <date>2020-08-08T10:21:53.498425Z</date>
  <millis>1596882113498</millis>
  <nanos>425000</nanos>
  <sequence>35</sequence>
  <logger>attacks.log</logger>
  <level>WARNING</level>
  <class>org.unibl.etf.attacks.ParameterTamperingAttack</class>
  <method>lambda$0</method>
  <thread>38</thread>
  <message>ParameterTamperingAttack in session, in parameter: !java.lang.Object@525ffbd0</message>
</record>
<?xml version="1.0" encoding="windows-1252" standalone="no"?>
<!DOCTYPE log SYSTEM "logger.dtd">
<log>
<record>
  <date>2020-08-08T12:14:09.171031300Z</date>
  <millis>1596888849171</millis>
  <nanos>31300</nanos>
  <sequence>35</sequence>
  <logger>attacks.log</logger>
  <level>WARNING</level>
  <class>org.unibl.etf.attacks.SQLInjectionAttack</class>
  <method>lambda$0</method>
  <thread>31</thread>
  <message>SQL injection attack in session: select * from userfrom address: 0:0:0:0:0:0:0:1</message>
</record>
<record>
  <date>2020-08-08T12:14:09.281476700Z</date>
  <millis>1596888849281</millis>
  <nanos>476700</nanos>
  <sequence>36</sequence>
  <logger>attacks.log</logger>
  <level>WARNING</level>
  <class>org.unibl.etf.attacks.SQLInjectionAttack</class>
  <method>checkParameterNames</method>
  <thread>31</thread>
  <message>SQL injection attack in parameter 'j_username' from address 0:0:0:0:0:0:0:1</message>
</record>
<?xml version="1.0" encoding="windows-1252" standalone="no"?>
<!DOCTYPE log SYSTEM "logger.dtd">
<log>
</log>
<?xml version="1.0" encoding="windows-1252" standalone="no"?>
<!DOCTYPE log SYSTEM "logger.dtd">
<log>
</log>
<?xml version="1.0" encoding="windows-1252" standalone="no"?>
<!DOCTYPE log SYSTEM "logger.dtd">
<log>
</log>
<?xml version="1.0" encoding="windows-1252" standalone="no"?>
<!DOCTYPE log SYSTEM "logger.dtd">
<log>
</log>
<?xml version="1.0" encoding="windows-1252" standalone="no"?>
<!DOCTYPE log SYSTEM "logger.dtd">
<log>
<record>
  <date>2020-08-10T08:35:11.172701300Z</date>
  <millis>1597048511172</millis>
  <nanos>701300</nanos>
  <sequence>35</sequence>
  <logger>attacks.log</logger>
  <level>WARNING</level>
  <class>org.unibl.etf.attacks.ParameterTamperingAttack</class>
  <method>checkInteger</method>
  <thread>40</thread>
  <message>ParameterTamperingAttack in parameter: name</message>
</record>
<?xml version="1.0" encoding="windows-1252" standalone="no"?>
<!DOCTYPE log SYSTEM "logger.dtd">
<log>
</log>
<?xml version="1.0" encoding="windows-1252" standalone="no"?>
<!DOCTYPE log SYSTEM "logger.dtd">
<log>
</log>
<?xml version="1.0" encoding="windows-1252" standalone="no"?>
<!DOCTYPE log SYSTEM "logger.dtd">
<log>
</log>
<?xml version="1.0" encoding="windows-1252" standalone="no"?>
<!DOCTYPE log SYSTEM "logger.dtd">
<log>
<record>
  <date>2020-08-10T10:44:52.169776700Z</date>
  <millis>1597056292169</millis>
  <nanos>776700</nanos>
  <sequence>35</sequence>
  <logger>attacks.log</logger>
  <level>WARNING</level>
  <class>org.unibl.etf.attacks.DoSAttacks</class>
  <method>checkHttpSlowAttack</method>
  <thread>35</thread>
  <message>Http slow attack from: 0:0:0:0:0:0:0:1</message>
</record>
<?xml version="1.0" encoding="windows-1252" standalone="no"?>
<!DOCTYPE log SYSTEM "logger.dtd">
<log>
<record>
  <date>2020-08-10T10:49:04.588152500Z</date>
  <millis>1597056544588</millis>
  <nanos>152500</nanos>
  <sequence>35</sequence>
  <logger>attacks.log</logger>
  <level>WARNING</level>
  <class>org.unibl.etf.attacks.XSSAttack</class>
  <method>lambda$0</method>
  <thread>34</thread>
  <message>XSS attack in session: &lt;script&gt; alert('poruka')&lt;/script&gt;from address: 0:0:0:0:0:0:0:1</message>
</record>
<?xml version="1.0" encoding="windows-1252" standalone="no"?>
<!DOCTYPE log SYSTEM "logger.dtd">
<log>
<record>
  <date>2020-08-10T10:50:58.275941700Z</date>
  <millis>1597056658275</millis>
  <nanos>941700</nanos>
  <sequence>35</sequence>
  <logger>attacks.log</logger>
  <level>WARNING</level>
  <class>org.unibl.etf.attacks.SQLInjectionAttack</class>
  <method>lambda$0</method>
  <thread>31</thread>
  <message>SQL injection attack in session: select * from userfrom address: 0:0:0:0:0:0:0:1</message>
</record>
<?xml version="1.0" encoding="windows-1252" standalone="no"?>
<!DOCTYPE log SYSTEM "logger.dtd">
<log>
<record>
  <date>2020-08-10T10:53:51.000934500Z</date>
  <millis>1597056831000</millis>
  <nanos>934500</nanos>
  <sequence>35</sequence>
  <logger>attacks.log</logger>
  <level>WARNING</level>
  <class>org.unibl.etf.attacks.ParameterTamperingAttack</class>
  <method>lambda$0</method>
  <thread>39</thread>
  <message>ParameterTamperingAttack in session, in parameter: !java.lang.Object@7806c769</message>
</record>
</log>
<?xml version="1.0" encoding="windows-1252" standalone="no"?>
<!DOCTYPE log SYSTEM "logger.dtd">
<log>
<record>
  <date>2020-08-10T10:55:47.026265Z</date>
  <millis>1597056947026</millis>
  <nanos>265000</nanos>
  <sequence>35</sequence>
  <logger>attacks.log</logger>
  <level>WARNING</level>
  <class>org.unibl.etf.attacks.XSSAttack</class>
  <method>checkParameterNames</method>
  <thread>39</thread>
  <message>XSS attack in parameter 'j_username' from address 0:0:0:0:0:0:0:1</message>
</record>
<record>
  <date>2020-08-10T10:55:47.062207Z</date>
  <millis>1597056947062</millis>
  <nanos>207000</nanos>
  <sequence>36</sequence>
  <logger>attacks.log</logger>
  <level>WARNING</level>
  <class>org.unibl.etf.attacks.XSSAttack</class>
  <method>checkParameterNames</method>
  <thread>39</thread>
  <message>XSS attack in parameter 'j_password' from address 0:0:0:0:0:0:0:1</message>
</record>
<record>
  <date>2020-08-10T10:55:47.067200600Z</date>
  <millis>1597056947067</millis>
  <nanos>200600</nanos>
  <sequence>37</sequence>
  <logger>attacks.log</logger>
  <level>WARNING</level>
  <class>org.unibl.etf.attacks.XSSAttack</class>
  <method>lambda$0</method>
  <thread>39</thread>
  <message>XSS attack in session: &lt;script&gt; alert('poruka')&lt;/script&gt;from address: 0:0:0:0:0:0:0:1</message>
</record>
</log>
<?xml version="1.0" encoding="windows-1252" standalone="no"?>
<!DOCTYPE log SYSTEM "logger.dtd">
<log>
<record>
  <date>2020-08-10T10:56:45.154371600Z</date>
  <millis>1597057005154</millis>
  <nanos>371600</nanos>
  <sequence>35</sequence>
  <logger>attacks.log</logger>
  <level>WARNING</level>
  <class>org.unibl.etf.attacks.XSSAttack</class>
  <method>lambda$0</method>
  <thread>35</thread>
  <message>XSS attack in session: &lt;script&gt; alert('poruka')&lt;/script&gt;from address: 0:0:0:0:0:0:0:1</message>
</record>
<record>
  <date>2020-08-10T10:57:34.287107800Z</date>
  <millis>1597057054287</millis>
  <nanos>107800</nanos>
  <sequence>36</sequence>
  <logger>attacks.log</logger>
  <level>WARNING</level>
  <class>org.unibl.etf.attacks.XSSAttack</class>
  <method>lambda$0</method>
  <thread>36</thread>
  <message>XSS attack in session: &lt;script&gt; alert('poruka')&lt;/script&gt;from address: 0:0:0:0:0:0:0:1</message>
</record>
<record>
  <date>2020-08-10T10:57:40.616659500Z</date>
  <millis>1597057060616</millis>
  <nanos>659500</nanos>
  <sequence>37</sequence>
  <logger>attacks.log</logger>
  <level>WARNING</level>
  <class>org.unibl.etf.attacks.XSSAttack</class>
  <method>lambda$0</method>
  <thread>31</thread>
  <message>XSS attack in session: &lt;script&gt; alert('poruka')&lt;/script&gt;from address: 0:0:0:0:0:0:0:1</message>
</record>
<?xml version="1.0" encoding="windows-1252" standalone="no"?>
<!DOCTYPE log SYSTEM "logger.dtd">
<log>
<record>
  <date>2020-08-10T11:00:22.888018900Z</date>
  <millis>1597057222888</millis>
  <nanos>18900</nanos>
  <sequence>35</sequence>
  <logger>attacks.log</logger>
  <level>WARNING</level>
  <class>org.unibl.etf.attacks.SQLInjectionAttack</class>
  <method>checkParameterNames</method>
  <thread>34</thread>
  <message>SQL injection attack in parameter 'name' from address 0:0:0:0:0:0:0:1</message>
</record>
<?xml version="1.0" encoding="windows-1252" standalone="no"?>
<!DOCTYPE log SYSTEM "logger.dtd">
<log>
<record>
  <date>2020-08-10T11:01:49.562545900Z</date>
  <millis>1597057309562</millis>
  <nanos>545900</nanos>
  <sequence>35</sequence>
  <logger>attacks.log</logger>
  <level>WARNING</level>
  <class>org.unibl.etf.attacks.XSSAttack</class>
  <method>checkParameterNames</method>
  <thread>40</thread>
  <message>XSS attack in parameter 'name' from address 0:0:0:0:0:0:0:1</message>
</record>
<?xml version="1.0" encoding="windows-1252" standalone="no"?>
<!DOCTYPE log SYSTEM "logger.dtd">
<log>
<record>
  <date>2020-08-10T11:06:32.927063800Z</date>
  <millis>1597057592927</millis>
  <nanos>63800</nanos>
  <sequence>35</sequence>
  <logger>attacks.log</logger>
  <level>WARNING</level>
  <class>org.unibl.etf.attacks.XSSAttack</class>
  <method>checkParameterNames</method>
  <thread>33</thread>
  <message>XSS attack in parameter '&lt;parameterName&gt;' from address 0:0:0:0:0:0:0:1</message>
</record>
<?xml version="1.0" encoding="windows-1252" standalone="no"?>
<!DOCTYPE log SYSTEM "logger.dtd">
<log>
<record>
  <date>2020-08-10T11:08:23.980051300Z</date>
  <millis>1597057703980</millis>
  <nanos>51300</nanos>
  <sequence>35</sequence>
  <logger>attacks.log</logger>
  <level>WARNING</level>
  <class>org.unibl.etf.attacks.XSSAttack</class>
  <method>checkParameterNames</method>
  <thread>37</thread>
  <message>XSS attack in parameter 'name' from address 0:0:0:0:0:0:0:1</message>
</record>
<?xml version="1.0" encoding="windows-1252" standalone="no"?>
<!DOCTYPE log SYSTEM "logger.dtd">
<log>
<record>
  <date>2020-08-10T11:18:43.656791Z</date>
  <millis>1597058323656</millis>
  <nanos>791000</nanos>
  <sequence>35</sequence>
  <logger>attacks.log</logger>
  <level>WARNING</level>
  <class>org.unibl.etf.attacks.XSSAttack</class>
  <method>checkParameterNames</method>
  <thread>33</thread>
  <message>XSS attack in parameter 'j_username' from address 0:0:0:0:0:0:0:1</message>
</record>
<record>
  <date>2020-08-10T11:18:43.702717700Z</date>
  <millis>1597058323702</millis>
  <nanos>717700</nanos>
  <sequence>36</sequence>
  <logger>attacks.log</logger>
  <level>WARNING</level>
  <class>org.unibl.etf.attacks.XSSAttack</class>
  <method>lambda$0</method>
  <thread>33</thread>
  <message>XSS attack in session: &lt;script&gt; alert('poruka')&lt;/script&gt;from address: 0:0:0:0:0:0:0:1</message>
</record>
<?xml version="1.0" encoding="windows-1252" standalone="no"?>
<!DOCTYPE log SYSTEM "logger.dtd">
<log>
<record>
  <date>2020-08-10T11:21:55.346636900Z</date>
  <millis>1597058515346</millis>
  <nanos>636900</nanos>
  <sequence>35</sequence>
  <logger>attacks.log</logger>
  <level>WARNING</level>
  <class>org.unibl.etf.attacks.XSSAttack</class>
  <method>checkParameterNames</method>
  <thread>35</thread>
  <message>XSS attack in parameter 'j_username' from address 0:0:0:0:0:0:0:1</message>
</record>
<record>
  <date>2020-08-10T11:21:55.379587900Z</date>
  <millis>1597058515379</millis>
  <nanos>587900</nanos>
  <sequence>36</sequence>
  <logger>attacks.log</logger>
  <level>WARNING</level>
  <class>org.unibl.etf.attacks.XSSAttack</class>
  <method>lambda$0</method>
  <thread>35</thread>
  <message>XSS attack in session: &lt;script&gt; alert('poruka')&lt;/script&gt;from address: 0:0:0:0:0:0:0:1</message>
</record>
<?xml version="1.0" encoding="windows-1252" standalone="no"?>
<!DOCTYPE log SYSTEM "logger.dtd">
<log>
<record>
  <date>2020-08-10T11:25:50.266372700Z</date>
  <millis>1597058750266</millis>
  <nanos>372700</nanos>
  <sequence>35</sequence>
  <logger>attacks.log</logger>
  <level>WARNING</level>
  <class>org.unibl.etf.attacks.SQLInjectionAttack</class>
  <method>checkParameterNames</method>
  <thread>35</thread>
  <message>SQL injection attack in parameter 'name' from address 0:0:0:0:0:0:0:1</message>
</record>
<?xml version="1.0" encoding="windows-1252" standalone="no"?>
<!DOCTYPE log SYSTEM "logger.dtd">
<log>
<record>
  <date>2020-08-10T11:28:25.060590600Z</date>
  <millis>1597058905060</millis>
  <nanos>590600</nanos>
  <sequence>35</sequence>
  <logger>attacks.log</logger>
  <level>WARNING</level>
  <class>org.unibl.etf.attacks.SQLInjectionAttack</class>
  <method>checkParameterNames</method>
  <thread>38</thread>
  <message>SQL injection attack in parameter 'name' from address 0:0:0:0:0:0:0:1</message>
</record>
<?xml version="1.0" encoding="windows-1252" standalone="no"?>
<!DOCTYPE log SYSTEM "logger.dtd">
<log>
</log>
<?xml version="1.0" encoding="windows-1252" standalone="no"?>
<!DOCTYPE log SYSTEM "logger.dtd">
<log>
<record>
  <date>2020-08-17T06:22:23.683880Z</date>
  <millis>1597645343683</millis>
  <nanos>880000</nanos>
  <sequence>35</sequence>
  <logger>attacks.log</logger>
  <level>WARNING</level>
  <class>org.unibl.etf.attacks.XSSAttack</class>
  <method>checkParameterNames</method>
  <thread>35</thread>
  <message>XSS attack in parameter 'name' from address 0:0:0:0:0:0:0:1</message>
</record>
<?xml version="1.0" encoding="windows-1252" standalone="no"?>
<!DOCTYPE log SYSTEM "logger.dtd">
<log>
<record>
  <date>2020-08-17T06:24:26.232892300Z</date>
  <millis>1597645466232</millis>
  <nanos>892300</nanos>
  <sequence>35</sequence>
  <logger>attacks.log</logger>
  <level>WARNING</level>
  <class>org.unibl.etf.attacks.XSSAttack</class>
  <method>checkParameterNames</method>
  <thread>31</thread>
  <message>XSS attack in parameter 'name' from address 0:0:0:0:0:0:0:1</message>
</record>
<record>
  <date>2020-08-17T06:24:30.070468Z</date>
  <millis>1597645470070</millis>
  <nanos>468000</nanos>
  <sequence>36</sequence>
  <logger>attacks.log</logger>
  <level>WARNING</level>
  <class>org.unibl.etf.attacks.XSSAttack</class>
  <method>checkParameterNames</method>
  <thread>32</thread>
  <message>XSS attack in parameter 'name' from address 0:0:0:0:0:0:0:1</message>
</record>
<record>
  <date>2020-08-17T06:24:30.986038Z</date>
  <millis>1597645470986</millis>
  <nanos>38000</nanos>
  <sequence>37</sequence>
  <logger>attacks.log</logger>
  <level>WARNING</level>
  <class>org.unibl.etf.attacks.XSSAttack</class>
  <method>checkParameterNames</method>
  <thread>34</thread>
  <message>XSS attack in parameter 'name' from address 0:0:0:0:0:0:0:1</message>
</record>
<record>
  <date>2020-08-17T06:24:31.698917800Z</date>
  <millis>1597645471698</millis>
  <nanos>917800</nanos>
  <sequence>38</sequence>
  <logger>attacks.log</logger>
  <level>WARNING</level>
  <class>org.unibl.etf.attacks.XSSAttack</class>
  <method>checkParameterNames</method>
  <thread>37</thread>
  <message>XSS attack in parameter 'name' from address 0:0:0:0:0:0:0:1</message>
</record>
<record>
  <date>2020-08-17T06:24:32.909027900Z</date>
  <millis>1597645472909</millis>
  <nanos>27900</nanos>
  <sequence>39</sequence>
  <logger>attacks.log</logger>
  <level>WARNING</level>
  <class>org.unibl.etf.attacks.XSSAttack</class>
  <method>checkParameterNames</method>
  <thread>39</thread>
  <message>XSS attack in parameter 'name' from address 0:0:0:0:0:0:0:1</message>
</record>
<record>
  <date>2020-08-17T06:24:43.481896200Z</date>
  <millis>1597645483481</millis>
  <nanos>896200</nanos>
  <sequence>40</sequence>
  <logger>attacks.log</logger>
  <level>WARNING</level>
  <class>org.unibl.etf.attacks.XSSAttack</class>
  <method>checkParameterNames</method>
  <thread>32</thread>
  <message>XSS attack in parameter 'name' from address 0:0:0:0:0:0:0:1</message>
</record>
<record>
  <date>2020-08-17T06:24:48.200159800Z</date>
  <millis>1597645488200</millis>
  <nanos>159800</nanos>
  <sequence>41</sequence>
  <logger>attacks.log</logger>
  <level>WARNING</level>
  <class>org.unibl.etf.attacks.XSSAttack</class>
  <method>checkParameterNames</method>
  <thread>32</thread>
  <message>XSS attack in parameter 'name' from address 0:0:0:0:0:0:0:1</message>
</record>
<record>
  <date>2020-08-17T06:24:49.202288600Z</date>
  <millis>1597645489202</millis>
  <nanos>288600</nanos>
  <sequence>42</sequence>
  <logger>attacks.log</logger>
  <level>WARNING</level>
  <class>org.unibl.etf.attacks.XSSAttack</class>
  <method>checkParameterNames</method>
  <thread>31</thread>
  <message>XSS attack in parameter 'name' from address 0:0:0:0:0:0:0:1</message>
</record>
<record>
  <date>2020-08-17T06:24:49.827096100Z</date>
  <millis>1597645489827</millis>
  <nanos>96100</nanos>
  <sequence>43</sequence>
  <logger>attacks.log</logger>
  <level>WARNING</level>
  <class>org.unibl.etf.attacks.XSSAttack</class>
  <method>checkParameterNames</method>
  <thread>38</thread>
  <message>XSS attack in parameter 'name' from address 0:0:0:0:0:0:0:1</message>
</record>
<record>
  <date>2020-08-17T06:24:59.231246200Z</date>
  <millis>1597645499231</millis>
  <nanos>246200</nanos>
  <sequence>44</sequence>
  <logger>attacks.log</logger>
  <level>WARNING</level>
  <class>org.unibl.etf.attacks.XSSAttack</class>
  <method>checkParameterNames</method>
  <thread>40</thread>
  <message>XSS attack in parameter 'name' from address 0:0:0:0:0:0:0:1</message>
</record>
<record>
  <date>2020-08-17T06:25:16.738834800Z</date>
  <millis>1597645516738</millis>
  <nanos>834800</nanos>
  <sequence>45</sequence>
  <logger>attacks.log</logger>
  <level>WARNING</level>
  <class>org.unibl.etf.attacks.XSSAttack</class>
  <method>checkParameterNames</method>
  <thread>32</thread>
  <message>XSS attack in parameter 'name' from address 0:0:0:0:0:0:0:1</message>
</record>
<record>
  <date>2020-08-17T06:25:32.517310600Z</date>
  <millis>1597645532517</millis>
  <nanos>310600</nanos>
  <sequence>46</sequence>
  <logger>attacks.log</logger>
  <level>WARNING</level>
  <class>org.unibl.etf.attacks.XSSAttack</class>
  <method>checkParameterNames</method>
  <thread>35</thread>
  <message>XSS attack in parameter 'name' from address 0:0:0:0:0:0:0:1</message>
</record>
</log>
<?xml version="1.0" encoding="windows-1252" standalone="no"?>
<!DOCTYPE log SYSTEM "logger.dtd">
<log>
<record>
  <date>2020-08-17T06:29:00.070303900Z</date>
  <millis>1597645740070</millis>
  <nanos>303900</nanos>
  <sequence>35</sequence>
  <logger>attacks.log</logger>
  <level>WARNING</level>
  <class>org.unibl.etf.attacks.XSSAttack</class>
  <method>lambda$0</method>
  <thread>38</thread>
  <message>XSS attack in session: &lt;script&gt; alert('poruka')&lt;/script&gt;from address: 0:0:0:0:0:0:0:1</message>
</record>
<record>
  <date>2020-08-17T06:29:02.348347800Z</date>
  <millis>1597645742348</millis>
  <nanos>347800</nanos>
  <sequence>36</sequence>
  <logger>attacks.log</logger>
  <level>WARNING</level>
  <class>org.unibl.etf.attacks.XSSAttack</class>
  <method>lambda$0</method>
  <thread>40</thread>
  <message>XSS attack in session: &lt;script&gt; alert('poruka')&lt;/script&gt;from address: 0:0:0:0:0:0:0:1</message>
</record>
<record>
  <date>2020-08-17T06:29:05.198399300Z</date>
  <millis>1597645745198</millis>
  <nanos>399300</nanos>
  <sequence>37</sequence>
  <logger>attacks.log</logger>
  <level>WARNING</level>
  <class>org.unibl.etf.attacks.XSSAttack</class>
  <method>lambda$0</method>
  <thread>34</thread>
  <message>XSS attack in session: &lt;script&gt; alert('poruka')&lt;/script&gt;from address: 0:0:0:0:0:0:0:1</message>
</record>
<record>
  <date>2020-08-17T06:29:15.087030700Z</date>
  <millis>1597645755087</millis>
  <nanos>30700</nanos>
  <sequence>38</sequence>
  <logger>attacks.log</logger>
  <level>WARNING</level>
  <class>org.unibl.etf.attacks.XSSAttack</class>
  <method>lambda$0</method>
  <thread>40</thread>
  <message>XSS attack in session: &lt;script&gt; alert('poruka')&lt;/script&gt;from address: 0:0:0:0:0:0:0:1</message>
</record>
<?xml version="1.0" encoding="windows-1252" standalone="no"?>
<!DOCTYPE log SYSTEM "logger.dtd">
<log>
</log>
<?xml version="1.0" encoding="windows-1252" standalone="no"?>
<!DOCTYPE log SYSTEM "logger.dtd">
<log>
<record>
  <date>2020-08-17T08:20:09.372458400Z</date>
  <millis>1597652409372</millis>
  <nanos>458400</nanos>
  <sequence>35</sequence>
  <logger>attacks.log</logger>
  <level>WARNING</level>
  <class>org.unibl.etf.attacks.XSSAttack</class>
  <method>checkParameterNames</method>
  <thread>37</thread>
  <message>XSS attack in parameter 'name' from address 0:0:0:0:0:0:0:1</message>
</record>
